1637138725445	geckodriver	INFO	Listening on 127.0.0.1:50603
1637138728495	mozrunner::runner	INFO	Running command: "C:\\Program Files\\Mozilla Firefox\\firefox.exe" "--marionette" "-headless" "--remote-debugging-port" "50604" "-no-remote" "-profile" "C:\\Users\\FAHEEM~1\\AppData\\Local\\Temp\\rust_mozprofilefSvvE4"
*** You are running in headless mode.
1637138729042	Marionette	INFO	Marionette enabled
[GFX1-]: RenderCompositorSWGL failed mapping default framebuffer, no dt
console.warn: SearchSettings: "get: No settings file exists, new profile?" (new NotFoundError("Could not open the file at C:\\Users\\Faheem Akhtar\\AppData\\Local\\Temp\\rust_mozprofilefSvvE4\\search.json.mozlz4", (void 0)))
DevTools listening on ws://localhost:50604/devtools/browser/60ba2be5-7f5a-466c-9ed0-ff9ed7e2fec4
1637138731465	Marionette	INFO	Listening on port 50609
1637138731713	RemoteAgent	WARN	TLS certificate errors will be ignored for this session
console.log: WebExtensions: reset-default-search: starting.
console.log: WebExtensions: reset-default-search: No addons in our list are installed.
JavaScript error: , line 0: NS_ERROR_NOT_AVAILABLE
debugging-port" "50735" "-no-remote" "-profile" "C:\\Users\\FAHEEM~1\\AppData\\Local\\Temp\\rust_mozprofileokMe4g"
*** You are running in headless mode.
1637138849796	Marionette	INFO	Marionette enabled
[GFX1-]: RenderCompositorSWGL failed mapping default framebuffer, no dt
console.warn: SearchSettings: "get: No settings file exists, new profile?" (new NotFoundError("Could not open the file at C:\\Users\\Faheem Akhtar\\AppData\\Local\\Temp\\rust_mozprofileokMe4g\\search.json.mozlz4", (void 0)))
DevTools listening on ws://localhost:50735/devtools/browser/aaee8446-b581-480e-b75e-1d467c56d30a
1637138852126	Marionette	INFO	Listening on port 50743
1637138852363	RemoteAgent	WARN	TLS certificate errors will be ignored for this session
JavaScript warning: https://pagead2.googlesyndication.com/bg/IDpL2rJiZrNY3rYqo4eIGDY6phXtx-GzYRENHMIWWlE.js line 1 > eval line 678 > eval line 1 > eval line 1 > eval, line 1: WEBGL_debug_renderer_info is deprecated in Firefox and will be removed. Please use RENDERER.
JavaScript warning: https://pagead2.googlesyndication.com/bg/IDpL2rJiZrNY3rYqo4eIGDY6phXtx-GzYRENHMIWWlE.js line 1 > eval line 6104 > eval line 1 > eval line 1 > eval, line 1: WEBGL_debug_renderer_info is deprecated in Firefox and will be removed. Please use RENDERER.
JavaScript warning: https://pagead2.googlesyndication.com/bg/IDpL2rJiZrNY3rYqo4eIGDY6phXtx-GzYRENHMIWWlE.js line 1 > eval line 649 > eval line 1 > eval line 1 > eval, line 1: WEBGL_debug_renderer_info is deprecated in Firefox and will be removed. Please use RENDERER.
JavaScript warning: https://pagead2.googlesyndication.com/bg/IDpL2rJiZrNY3rYqo4eIGDY6phXtx-GzYRENHMIWWlE.js line 1 > eval line 7102 > eval line 1 > eval line 1 > eval, line 1: WEBGL_debug_renderer_info is deprecated in Firefox and will be removed. Please use RENDERER.
JavaScript warning: https://pagead2.googlesyndication.com/bg/IDpL2rJiZrNY3rYqo4eIGDY6phXtx-GzYRENHMIWWlE.js line 1 > eval line 4873 > eval line 1 > eval line 1 > eval, line 1: WEBGL_debug_renderer_info is deprecated in Firefox and will be removed. Please use RENDERER.
JavaScript warning: https://pagead2.googlesyndication.com/bg/IDpL2rJiZrNY3rYqo4eIGDY6phXtx-GzYRENHMIWWlE.js line 1 > eval line 5573 > eval line 1 > eval line 1 > eval, line 1: WEBGL_debug_renderer_info is deprecated in Firefox and will be removed. Please use RENDERER.
JavaScript warning: https://pagead2.googlesyndication.com/bg/IDpL2rJiZrNY3rYqo4eIGDY6phXtx-GzYRENHMIWWlE.js line 1 > eval line 4910 > eval line 1 > eval line 1 > eval, line 1: WEBGL_debug_renderer_info is deprecated in Firefox and will be removed. Please use RENDERER.
JavaScript warning: https://pagead2.googlesyndication.com/bg/IDpL2rJiZrNY3rYqo4eIGDY6phXtx-GzYRENHMIWWlE.js line 1 > eval line 1954 > eval line 1 > eval line 1 > eval, line 1: WEBGL_debug_renderer_info is deprecated in Firefox and will be removed. Please use RENDERER.
JavaScript warning: https://pagead2.googlesyndication.com/bg/IDpL2rJiZrNY3rYqo4eIGDY6phXtx-GzYRENHMIWWlE.js line 1 > eval line 427 > eval line 1 > eval line 1 > eval, line 1: WEBGL_debug_renderer_info is deprecated in Firefox and will be removed. Please use RENDERER.
JavaScript warning: https://pagead2.googlesyndication.com/bg/IDpL2rJiZrNY3rYqo4eIGDY6phXtx-GzYRENHMIWWlE.js line 1 > eval line 5450 > eval line 1 > eval line 1 > eval, line 1: WEBGL_debug_renderer_info is deprecated in Firefox and will be removed. Please use RENDERER.
JavaScript warning: https://pagead2.googlesyndication.com/bg/IDpL2rJiZrNY3rYqo4eIGDY6phXtx-GzYRENHMIWWlE.js line 1 > eval line 4141 > eval line 1 > eval line 1 > eval, line 1: WEBGL_debug_renderer_info is deprecated in Firefox and will be removed. Please use RENDERER.
JavaScript warning: https://pagead2.googlesyndication.com/bg/IDpL2rJiZrNY3rYqo4eIGDY6phXtx-GzYRENHMIWWlE.js line 1 > eval line 2249 > eval line 1 > eval line 1 > eval, line 1: WEBGL_debug_renderer_info is deprecated in Firefox and will be removed. Please use RENDERER.
JavaScript warning: https://pagead2.googlesyndication.com/bg/IDpL2rJiZrNY3rYqo4eIGDY6phXtx-GzYRENHMIWWlE.js line 1 > eval line 4635 > eval line 1 > eval line 1 > eval, line 1: WEBGL_debug_renderer_info is deprecated in Firefox and will be removed. Please use RENDERER.
JavaScript warning: https://pagead2.googlesyndication.com/bg/IDpL2rJiZrNY3rYqo4eIGDY6phXtx-GzYRENHMIWWlE.js line 1 > eval line 7313 > eval line 1 > eval line 1 > eval, line 1: WEBGL_debug_renderer_info is deprecated in Firefox and will be removed. Please use RENDERER.
JavaScript warning: https://pagead2.googlesyndication.com/bg/IDpL2rJiZrNY3rYqo4eIGDY6phXtx-GzYRENHMIWWlE.js line 1 > eval line 7569 > eval line 1 > eval line 1 > eval, line 1: WEBGL_debug_renderer_info is deprecated in Firefox and will be removed. Please use RENDERER.
JavaScript warning: https://pagead2.googlesyndication.com/bg/IDpL2rJiZrNY3rYqo4eIGDY6phXtx-GzYRENHMIWWlE.js line 1 > eval line 1255 > eval line 1 > eval line 1 > eval, line 1: WEBGL_debug_renderer_info is deprecated in Firefox and will be removed. Please use RENDERER.
JavaScript warning: https://pagead2.googlesyndication.com/bg/IDpL2rJiZrNY3rYqo4eIGDY6phXtx-GzYRENHMIWWlE.js line 1 > eval line 3262 > eval line 1 > eval line 1 > eval, line 1: WEBGL_debug_renderer_info is deprecated in Firefox and will be removed. Please use RENDERER.
JavaScript warning: https://pagead2.googlesyndication.com/bg/IDpL2rJiZrNY3rYqo4eIGDY6phXtx-GzYRENHMIWWlE.js line 1 > eval line 3785 > eval line 1 > eval line 1 > eval, line 1: WEBGL_debug_renderer_info is deprecated in Firefox and will be removed. Please use RENDERER.
JavaScript warning: https://pagead2.googlesyndication.com/bg/IDpL2rJiZrNY3rYqo4eIGDY6phXtx-GzYRENHMIWWlE.js line 1 > eval line 4716 > eval line 1 > eval line 1 > eval, line 1: WEBGL_debug_renderer_info is deprecated in Firefox and will be removed. Please use RENDERER.
JavaScript warning: https://pagead2.googlesyndication.com/bg/IDpL2rJiZrNY3rYqo4eIGDY6phXtx-GzYRENHMIWWlE.js line 1 > eval line 7408 > eval line 1 > eval line 1 > eval, line 1: WEBGL_debug_renderer_info is deprecated in Firefox and will be removed. Please use RENDERER.
JavaScript warning: https://pagead2.googlesyndication.com/bg/IDpL2rJiZrNY3rYqo4eIGDY6phXtx-GzYRENHMIWWlE.js line 1 > eval line 6398 > eval line 1 > eval line 1 > eval, line 1: WEBGL_debug_renderer_info is deprecated in Firefox and will be removed. Please use RENDERER.
JavaScript warning: https://pagead2.googlesyndication.com/bg/IDpL2rJiZrNY3rYqo4eIGDY6phXtx-GzYRENHMIWWlE.js line 1 > eval line 1901 > eval line 1 > eval line 1 > eval, line 1: WEBGL_debug_renderer_info is deprecated in Firefox and will be removed. Please use RENDERER.
JavaScript warning: https://pagead2.googlesyndication.com/bg/IDpL2rJiZrNY3rYqo4eIGDY6phXtx-GzYRENHMIWWlE.js line 1 > eval line 5340 > eval line 1 > eval line 1 > eval, line 1: WEBGL_debug_renderer_info is deprecated in Firefox and will be removed. Please use RENDERER.
JavaScript warning: https://pagead2.googlesyndication.com/bg/IDpL2rJiZrNY3rYqo4eIGDY6phXtx-GzYRENHMIWWlE.js line 1 > eval line 6056 > eval line 1 > eval line 1 > eval, line 1: WEBGL_debug_renderer_info is deprecated in Firefox and will be removed. Please use RENDERER.
JavaScript warning: https://pagead2.googlesyndication.com/bg/IDpL2rJiZrNY3rYqo4eIGDY6phXtx-GzYRENHMIWWlE.js line 1 > eval line 3615 > eval line 1 > eval line 1 > eval, line 1: WEBGL_debug_renderer_info is deprecated in Firefox and will be removed. Please use RENDERER.
JavaScript warning: https://pagead2.googlesyndication.com/bg/IDpL2rJiZrNY3rYqo4eIGDY6phXtx-GzYRENHMIWWlE.js line 1 > eval line 7075 > eval line 1 > eval line 1 > eval, line 1: WEBGL_debug_renderer_info is deprecated in Firefox and will be removed. Please use RENDERER.
JavaScript warning: https://pagead2.googlesyndication.com/bg/IDpL2rJiZrNY3rYqo4eIGDY6phXtx-GzYRENHMIWWlE.js line 1 > eval line 6151 > eval line 1 > eval line 1 > eval, line 1: WEBGL_debug_renderer_info is deprecated in Firefox and will be removed. Please use RENDERER.
JavaScript warning: https://pagead2.googlesyndication.com/bg/IDpL2rJiZrNY3rYqo4eIGDY6phXtx-GzYRENHMIWWlE.js line 1 > eval line 7723 > eval line 1 > eval line 1 > eval, line 1: WEBGL_debug_renderer_info is deprecated in Firefox and will be removed. Please use RENDERER.
JavaScript warning: https://pagead2.googlesyndication.com/bg/IDpL2rJiZrNY3rYqo4eIGDY6phXtx-GzYRENHMIWWlE.js line 1 > eval line 5170 > eval line 1 > eval line 1 > eval, line 1: WEBGL_debug_renderer_info is deprecated in Firefox and will be removed. Please use RENDERER.
JavaScript warning: https://pagead2.googlesyndication.com/bg/IDpL2rJiZrNY3rYqo4eIGDY6phXtx-GzYRENHMIWWlE.js line 1 > eval line 4868 > eval line 1 > eval line 1 > eval, line 1: WEBGL_debug_renderer_info is deprecated in Firefox and will be removed. Please use RENDERER.
JavaScript warning: https://pagead2.googlesyndication.com/bg/IDpL2rJiZrNY3rYqo4eIGDY6phXtx-GzYRENHMIWWlE.js line 1 > eval line 6647 > eval line 1 > eval line 1 > eval, line 1: WEBGL_debug_renderer_info is deprecated in Firefox and will be removed. Please use RENDERER.
JavaScript warning: https://pagead2.googlesyndication.com/bg/IDpL2rJiZrNY3rYqo4eIGDY6phXtx-GzYRENHMIWWlE.js line 1 > eval line 6706 > eval line 1 > eval line 1 > eval, line 1: WEBGL_debug_renderer_info is deprecated in Firefox and will be removed. Please use RENDERER.
JavaScript warning: https://pagead2.googlesyndication.com/bg/IDpL2rJiZrNY3rYqo4eIGDY6phXtx-GzYRENHMIWWlE.js line 1 > eval line 262 > eval line 1 > eval line 1 > eval, line 1: WEBGL_debug_renderer_info is deprecated in Firefox and will be removed. Please use RENDERER.
JavaScript warning: https://pagead2.googlesyndication.com/bg/IDpL2rJiZrNY3rYqo4eIGDY6phXtx-GzYRENHMIWWlE.js line 1 > eval line 6923 > eval line 1 > eval line 1 > eval, line 1: WEBGL_debug_renderer_info is deprecated in Firefox and will be removed. Please use RENDERER.
JavaScript warning: https://pagead2.googlesyndication.com/bg/IDpL2rJiZrNY3rYqo4eIGDY6phXtx-GzYRENHMIWWlE.js line 1 > eval line 4136 > eval line 1 > eval line 1 > eval, line 1: WEBGL_debug_renderer_info is deprecated in Firefox and will be removed. Please use RENDERER.
console.log: WebExtensions: reset-default-search: starting.
JavaScript warning: https://pagead2.googlesyndication.com/bg/IDpL2rJiZrNY3rYqo4eIGDY6phXtx-GzYRENHMIWWlE.js line 1 > eval line 6261 > eval line 1 > eval line 1 > eval, line 1: WEBGL_debug_renderer_info is deprecated in Firefox and will be removed. Please use RENDERER.
console.log: WebExtensions: reset-default-search: No addons in our list are installed.
JavaScript warning: https://pagead2.googlesyndication.com/bg/IDpL2rJiZrNY3rYqo4eIGDY6phXtx-GzYRENHMIWWlE.js line 1 > eval line 2519 > eval line 1 > eval line 1 > eval, line 1: WEBGL_debug_renderer_info is deprecated in Firefox and will be removed. Please use RENDERER.
JavaScript warning: https://pagead2.googlesyndication.com/bg/IDpL2rJiZrNY3rYqo4eIGDY6phXtx-GzYRENHMIWWlE.js line 1 > eval line 6347 > eval line 1 > eval line 1 > eval, line 1: WEBGL_debug_renderer_info is deprecated in Firefox and will be removed. Please use RENDERER.
JavaScript warning: https://pagead2.googlesyndication.com/bg/IDpL2rJiZrNY3rYqo4eIGDY6phXtx-GzYRENHMIWWlE.js line 1 > eval line 4676 > eval line 1 > eval line 1 > eval, line 1: WEBGL_debug_renderer_info is deprecated in Firefox and will be removed. Please use RENDERER.
JavaScript warning: https://pagead2.googlesyndication.com/bg/IDpL2rJiZrNY3rYqo4eIGDY6phXtx-GzYRENHMIWWlE.js line 1 > eval line 2010 > eval line 1 > eval line 1 > eval, line 1: WEBGL_debug_renderer_info is deprecated in Firefox and will be removed. Please use RENDERER.
JavaScript error: https://www.plugshare.com/scripts/app-8e17256cbc.js, line 11: TypeError: slots.ldv is undefined
JavaScript warning: https://pagead2.googlesyndication.com/bg/IDpL2rJiZrNY3rYqo4eIGDY6phXtx-GzYRENHMIWWlE.js line 1 > eval line 2753 > eval line 1 > eval line 1 > eval, line 1: WEBGL_debug_renderer_info is deprecated in Firefox and will be removed. Please use RENDERER.
JavaScript warning: https://pagead2.googlesyndication.com/bg/IDpL2rJiZrNY3rYqo4eIGDY6phXtx-GzYRENHMIWWlE.js line 1 > eval line 2373 > eval line 1 > eval line 1 > eval, line 1: WEBGL_debug_renderer_info is deprecated in Firefox and will be removed. Please use RENDERER.
JavaScript warning: https://pagead2.googlesyndication.com/bg/IDpL2rJiZrNY3rYqo4eIGDY6phXtx-GzYRENHMIWWlE.js line 1 > eval line 4391 > eval line 1 > eval line 1 > eval, line 1: WEBGL_debug_renderer_info is deprecated in Firefox and will be removed. Please use RENDERER.
JavaScript warning: https://pagead2.googlesyndication.com/bg/IDpL2rJiZrNY3rYqo4eIGDY6phXtx-GzYRENHMIWWlE.js line 1 > eval line 4297 > eval line 1 > eval line 1 > eval, line 1: WEBGL_debug_renderer_info is deprecated in Firefox and will be removed. Please use RENDERER.
JavaScript warning: https://pagead2.googlesyndication.com/bg/IDpL2rJiZrNY3rYqo4eIGDY6phXtx-GzYRENHMIWWlE.js line 1 > eval line 653 > eval line 1 > eval line 1 > eval, line 1: WEBGL_debug_renderer_info is deprecated in Firefox and will be removed. Please use RENDERER.
JavaScript warning: https://pagead2.googlesyndication.com/bg/IDpL2rJiZrNY3rYqo4eIGDY6phXtx-GzYRENHMIWWlE.js line 1 > eval line 7421 > eval line 1 > eval line 1 > eval, line 1: WEBGL_debug_renderer_info is deprecated in Firefox and will be removed. Please use RENDERER.
JavaScript warning: https://pagead2.googlesyndication.com/bg/IDpL2rJiZrNY3rYqo4eIGDY6phXtx-GzYRENHMIWWlE.js line 1 > eval line 2871 > eval line 1 > eval line 1 > eval, line 1: WEBGL_debug_renderer_info is deprecated in Firefox and will be removed. Please use RENDERER.
JavaScript warning: https://pagead2.googlesyndication.com/bg/IDpL2rJiZrNY3rYqo4eIGDY6phXtx-GzYRENHMIWWlE.js line 1 > eval line 4973 > eval line 1 > eval line 1 > eval, line 1: WEBGL_debug_renderer_info is deprecated in Firefox and will be removed. Please use RENDERER.
JavaScript warning: https://pagead2.googlesyndication.com/bg/IDpL2rJiZrNY3rYqo4eIGDY6phXtx-GzYRENHMIWWlE.js line 1 > eval line 2554 > eval line 1 > eval line 1 > eval, line 1: WEBGL_debug_renderer_info is deprecated in Firefox and will be removed. Please use RENDERER.
JavaScript warning: https://pagead2.googlesyndication.com/bg/IDpL2rJiZrNY3rYqo4eIGDY6phXtx-GzYRENHMIWWlE.js line 1 > eval line 5532 > eval line 1 > eval line 1 > eval, line 1: WEBGL_debug_renderer_info is deprecated in Firefox and will be removed. Please use RENDERER.
JavaScript warning: https://pagead2.googlesyndication.com/bg/IDpL2rJiZrNY3rYqo4eIGDY6phXtx-GzYRENHMIWWlE.js line 1 > eval line 747 > eval line 1 > eval line 1 > eval, line 1: WEBGL_debug_renderer_info is deprecated in Firefox and will be removed. Please use RENDERER.
JavaScript warning: https://pagead2.googlesyndication.com/bg/IDpL2rJiZrNY3rYqo4eIGDY6phXtx-GzYRENHMIWWlE.js line 1 > eval line 6610 > eval line 1 > eval line 1 > eval, line 1: WEBGL_debug_renderer_info is deprecated in Firefox and will be removed. Please use RENDERER.
JavaScript warning: https://pagead2.googlesyndication.com/bg/IDpL2rJiZrNY3rYqo4eIGDY6phXtx-GzYRENHMIWWlE.js line 1 > eval line 2320 > eval line 1 > eval line 1 > eval, line 1: WEBGL_debug_renderer_info is deprecated in Firefox and will be removed. Please use RENDERER.
JavaScript warning: https://pagead2.googlesyndication.com/bg/IDpL2rJiZrNY3rYqo4eIGDY6phXtx-GzYRENHMIWWlE.js line 1 > eval line 2498 > eval line 1 > eval line 1 > eval, line 1: WEBGL_debug_renderer_info is deprecated in Firefox and will be removed. Please use RENDERER.
JavaScript warning: https://pagead2.googlesyndication.com/bg/IDpL2rJiZrNY3rYqo4eIGDY6phXtx-GzYRENHMIWWlE.js line 1 > eval line 1322 > eval line 1 > eval line 1 > eval, line 1: WEBGL_debug_renderer_info is deprecated in Firefox and will be removed. Please use RENDERER.
JavaScript warning: https://pagead2.googlesyndication.com/bg/IDpL2rJiZrNY3rYqo4eIGDY6phXtx-GzYRENHMIWWlE.js line 1 > eval line 4263 > eval line 1 > eval line 1 > eval, line 1: WEBGL_debug_renderer_info is deprecated in Firefox and will be removed. Please use RENDERER.
JavaScript warning: https://pagead2.googlesyndication.com/bg/IDpL2rJiZrNY3rYqo4eIGDY6phXtx-GzYRENHMIWWlE.js line 1 > eval line 6581 > eval line 1 > eval line 1 > eval, line 1: WEBGL_debug_renderer_info is deprecated in Firefox and will be removed. Please use RENDERER.
JavaScript warning: https://pagead2.googlesyndication.com/bg/IDpL2rJiZrNY3rYqo4eIGDY6phXtx-GzYRENHMIWWlE.js line 1 > eval line 2207 > eval line 1 > eval line 1 > eval, line 1: WEBGL_debug_renderer_info is deprecated in Firefox and will be removed. Please use RENDERER.
JavaScript warning: https://pagead2.googlesyndication.com/bg/IDpL2rJiZrNY3rYqo4eIGDY6phXtx-GzYRENHMIWWlE.js line 1 > eval line 5814 > eval line 1 > eval line 1 > eval, line 1: WEBGL_debug_renderer_info is deprecated in Firefox and will be removed. Please use RENDERER.
JavaScript error: https://www.plugshare.com/scripts/app-8e17256cbc.js, line 11: TypeError: slots.ldv is undefined
JavaScript warning: https://pagead2.googlesyndication.com/bg/IDpL2rJiZrNY3rYqo4eIGDY6phXtx-GzYRENHMIWWlE.js line 1 > eval line 3951 > eval line 1 > eval line 1 > eval, line 1: WEBGL_debug_renderer_info is deprecated in Firefox and will be removed. Please use RENDERER.
JavaScript warning: https://pagead2.googlesyndication.com/bg/IDpL2rJiZrNY3rYqo4eIGDY6phXtx-GzYRENHMIWWlE.js line 1 > eval line 3117 > eval line 1 > eval line 1 > eval, line 1: WEBGL_debug_renderer_info is deprecated in Firefox and will be removed. Please use RENDERER.
JavaScript warning: https://pagead2.googlesyndication.com/bg/IDpL2rJiZrNY3rYqo4eIGDY6phXtx-GzYRENHMIWWlE.js line 1 > eval line 167 > eval line 1 > eval line 1 > eval, line 1: WEBGL_debug_renderer_info is deprecated in Firefox and will be removed. Please use RENDERER.
JavaScript warning: https://pagead2.googlesyndication.com/bg/IDpL2rJiZrNY3rYqo4eIGDY6phXtx-GzYRENHMIWWlE.js line 1 > eval line 1179 > eval line 1 > eval line 1 > eval, line 1: WEBGL_debug_renderer_info is deprecated in Firefox and will be removed. Please use RENDERER.
JavaScript warning: https://pagead2.googlesyndication.com/bg/IDpL2rJiZrNY3rYqo4eIGDY6phXtx-GzYRENHMIWWlE.js line 1 > eval line 2893 > eval line 1 > eval line 1 > eval, line 1: WEBGL_debug_renderer_info is deprecated in Firefox and will be removed. Please use RENDERER.
JavaScript warning: https://pagead2.googlesyndication.com/bg/IDpL2rJiZrNY3rYqo4eIGDY6phXtx-GzYRENHMIWWlE.js line 1 > eval line 5154 > eval line 1 > eval line 1 > eval, line 1: WEBGL_debug_renderer_info is deprecated in Firefox and will be removed. Please use RENDERER.
JavaScript warning: https://pagead2.googlesyndication.com/bg/IDpL2rJiZrNY3rYqo4eIGDY6phXtx-GzYRENHMIWWlE.js line 1 > eval line 6904 > eval line 1 > eval line 1 > eval, line 1: WEBGL_debug_renderer_info is deprecated in Firefox and will be removed. Please use RENDERER.
JavaScript warning: https://pagead2.googlesyndication.com/bg/IDpL2rJiZrNY3rYqo4eIGDY6phXtx-GzYRENHMIWWlE.js line 1 > eval line 622 > eval line 1 > eval line 1 > eval, line 1: WEBGL_debug_renderer_info is deprecated in Firefox and will be removed. Please use RENDERER.
JavaScript warning: https://pagead2.googlesyndication.com/bg/IDpL2rJiZrNY3rYqo4eIGDY6phXtx-GzYRENHMIWWlE.js line 1 > eval line 4864 > eval line 1 > eval line 1 > eval, line 1: WEBGL_debug_renderer_info is deprecated in Firefox and will be removed. Please use RENDERER.
JavaScript warning: https://pagead2.googlesyndication.com/bg/IDpL2rJiZrNY3rYqo4eIGDY6phXtx-GzYRENHMIWWlE.js line 1 > eval line 3956 > eval line 1 > eval line 1 > eval, line 1: WEBGL_debug_renderer_info is deprecated in Firefox and will be removed. Please use RENDERER.
JavaScript warning: https://pagead2.googlesyndication.com/bg/IDpL2rJiZrNY3rYqo4eIGDY6phXtx-GzYRENHMIWWlE.js line 1 > eval line 5147 > eval line 1 > eval line 1 > eval, line 1: WEBGL_debug_renderer_info is deprecated in Firefox and will be removed. Please use RENDERER.
JavaScript warning: https://pagead2.googlesyndication.com/bg/IDpL2rJiZrNY3rYqo4eIGDY6phXtx-GzYRENHMIWWlE.js line 1 > eval line 5123 > eval line 1 > eval line 1 > eval, line 1: WEBGL_debug_renderer_info is deprecated in Firefox and will be removed. Please use RENDERER.
JavaScript warning: https://pagead2.googlesyndication.com/bg/IDpL2rJiZrNY3rYqo4eIGDY6phXtx-GzYRENHMIWWlE.js line 1 > eval line 907 > eval line 1 > eval line 1 > eval, line 1: WEBGL_debug_renderer_info is deprecated in Firefox and will be removed. Please use RENDERER.
JavaScript warning: https://pagead2.googlesyndication.com/bg/IDpL2rJiZrNY3rYqo4eIGDY6phXtx-GzYRENHMIWWlE.js line 1 > eval line 1792 > eval line 1 > eval line 1 > eval, line 1: WEBGL_debug_renderer_info is deprecated in Firefox and will be removed. Please use RENDERER.
JavaScript warning: https://pagead2.googlesyndication.com/bg/IDpL2rJiZrNY3rYqo4eIGDY6phXtx-GzYRENHMIWWlE.js line 1 > eval line 7229 > eval line 1 > eval line 1 > eval, line 1: WEBGL_debug_renderer_info is deprecated in Firefox and will be removed. Please use RENDERER.
JavaScript warning: https://pagead2.googlesyndication.com/bg/IDpL2rJiZrNY3rYqo4eIGDY6phXtx-GzYRENHMIWWlE.js line 1 > eval line 1353 > eval line 1 > eval line 1 > eval, line 1: WEBGL_debug_renderer_info is deprecated in Firefox and will be removed. Please use RENDERER.
JavaScript warning: https://pagead2.googlesyndication.com/bg/IDpL2rJiZrNY3rYqo4eIGDY6phXtx-GzYRENHMIWWlE.js line 1 > eval line 443 > eval line 1 > eval line 1 > eval, line 1: WEBGL_debug_renderer_info is deprecated in Firefox and will be removed. Please use RENDERER.
JavaScript warning: https://pagead2.googlesyndication.com/bg/IDpL2rJiZrNY3rYqo4eIGDY6phXtx-GzYRENHMIWWlE.js line 1 > eval line 2545 > eval line 1 > eval line 1 > eval, line 1: WEBGL_debug_renderer_info is deprecated in Firefox and will be removed. Please use RENDERER.
JavaScript error: https://www.plugshare.com/scripts/app-8e17256cbc.js, line 11: TypeError: slots.ldv is undefined
JavaScript warning: https://pagead2.googlesyndication.com/bg/IDpL2rJiZrNY3rYqo4eIGDY6phXtx-GzYRENHMIWWlE.js line 1 > eval line 3689 > eval line 1 > eval line 1 > eval, line 1: WEBGL_debug_renderer_info is deprecated in Firefox and will be removed. Please use RENDERER.
JavaScript warning: https://pagead2.googlesyndication.com/bg/IDpL2rJiZrNY3rYqo4eIGDY6phXtx-GzYRENHMIWWlE.js line 1 > eval line 1373 > eval line 1 > eval line 1 > eval, line 1: WEBGL_debug_renderer_info is deprecated in Firefox and will be removed. Please use RENDERER.
JavaScript warning: https://pagead2.googlesyndication.com/bg/IDpL2rJiZrNY3rYqo4eIGDY6phXtx-GzYRENHMIWWlE.js line 1 > eval line 3471 > eval line 1 > eval line 1 > eval, line 1: WEBGL_debug_renderer_info is deprecated in Firefox and will be removed. Please use RENDERER.
JavaScript warning: https://pagead2.googlesyndication.com/bg/IDpL2rJiZrNY3rYqo4eIGDY6phXtx-GzYRENHMIWWlE.js line 1 > eval line 2413 > eval line 1 > eval line 1 > eval, line 1: WEBGL_debug_renderer_info is deprecated in Firefox and will be removed. Please use RENDERER.
IPDL protocol error: Handler returned error code!

###!!! [Parent][DispatchAsyncMessage] Error: PMessagePort::Msg_PostMessages Processing error: message was deserialized, but the handler returned false (indicating failure)

JavaScript error: https://www.plugshare.com/scripts/app-8e17256cbc.js, line 11: TypeError: slots.ldv is undefined
JavaScript warning: https://pagead2.googlesyndication.com/bg/IDpL2rJiZrNY3rYqo4eIGDY6phXtx-GzYRENHMIWWlE.js line 1 > eval line 5490 > eval line 1 > eval line 1 > eval, line 1: WEBGL_debug_renderer_info is deprecated in Firefox and will be removed. Please use RENDERER.
JavaScript warning: https://pagead2.googlesyndication.com/bg/IDpL2rJiZrNY3rYqo4eIGDY6phXtx-GzYRENHMIWWlE.js line 1 > eval line 7497 > eval line 1 > eval line 1 > eval, line 1: WEBGL_debug_renderer_info is deprecated in Firefox and will be removed. Please use RENDERER.
JavaScript warning: https://pagead2.googlesyndication.com/bg/IDpL2rJiZrNY3rYqo4eIGDY6phXtx-GzYRENHMIWWlE.js line 1 > eval line 487 > eval line 1 > eval line 1 > eval, line 1: WEBGL_debug_renderer_info is deprecated in Firefox and will be removed. Please use RENDERER.
JavaScript warning: https://pagead2.googlesyndication.com/bg/IDpL2rJiZrNY3rYqo4eIGDY6phXtx-GzYRENHMIWWlE.js line 1 > eval line 7435 > eval line 1 > eval line 1 > eval, line 1: WEBGL_debug_renderer_info is deprecated in Firefox and will be removed. Please use RENDERER.
JavaScript warning: https://pagead2.googlesyndication.com/bg/IDpL2rJiZrNY3rYqo4eIGDY6phXtx-GzYRENHMIWWlE.js line 1 > eval line 3048 > eval line 1 > eval line 1 > eval, line 1: WEBGL_debug_renderer_info is deprecated in Firefox and will be removed. Please use RENDERER.
JavaScript warning: https://pagead2.googlesyndication.com/bg/IDpL2rJiZrNY3rYqo4eIGDY6phXtx-GzYRENHMIWWlE.js line 1 > eval line 7094 > eval line 1 > eval line 1 > eval, line 1: WEBGL_debug_renderer_info is deprecated in Firefox and will be removed. Please use RENDERER.
JavaScript warning: https://pagead2.googlesyndication.com/bg/IDpL2rJiZrNY3rYqo4eIGDY6phXtx-GzYRENHMIWWlE.js line 1 > eval line 2061 > eval line 1 > eval line 1 > eval, line 1: WEBGL_debug_renderer_info is deprecated in Firefox and will be removed. Please use RENDERER.
JavaScript warning: https://pagead2.googlesyndication.com/bg/IDpL2rJiZrNY3rYqo4eIGDY6phXtx-GzYRENHMIWWlE.js line 1 > eval line 137 > eval line 1 > eval line 1 > eval, line 1: WEBGL_debug_renderer_info is deprecated in Firefox and will be removed. Please use RENDERER.
JavaScript warning: https://pagead2.googlesyndication.com/bg/IDpL2rJiZrNY3rYqo4eIGDY6phXtx-GzYRENHMIWWlE.js line 1 > eval line 4455 > eval line 1 > eval line 1 > eval, line 1: WEBGL_debug_renderer_info is deprecated in Firefox and will be removed. Please use RENDERER.
JavaScript warning: https://pagead2.googlesyndication.com/bg/IDpL2rJiZrNY3rYqo4eIGDY6phXtx-GzYRENHMIWWlE.js line 1 > eval line 3359 > eval line 1 > eval line 1 > eval, line 1: WEBGL_debug_renderer_info is deprecated in Firefox and will be removed. Please use RENDERER.
JavaScript warning: https://pagead2.googlesyndication.com/bg/IDpL2rJiZrNY3rYqo4eIGDY6phXtx-GzYRENHMIWWlE.js line 1 > eval line 3416 > eval line 1 > eval line 1 > eval, line 1: WEBGL_debug_renderer_info is deprecated in Firefox and will be removed. Please use RENDERER.
JavaScript warning: https://pagead2.googlesyndication.com/bg/IDpL2rJiZrNY3rYqo4eIGDY6phXtx-GzYRENHMIWWlE.js line 1 > eval line 3324 > eval line 1 > eval line 1 > eval, line 1: WEBGL_debug_renderer_info is deprecated in Firefox and will be removed. Please use RENDERER.
JavaScript warning: https://pagead2.googlesyndication.com/bg/IDpL2rJiZrNY3rYqo4eIGDY6phXtx-GzYRENHMIWWlE.js line 1 > eval line 7138 > eval line 1 > eval line 1 > eval, line 1: WEBGL_debug_renderer_info is deprecated in Firefox and will be removed. Please use RENDERER.
JavaScript warning: https://pagead2.googlesyndication.com/bg/IDpL2rJiZrNY3rYqo4eIGDY6phXtx-GzYRENHMIWWlE.js line 1 > eval line 1981 > eval line 1 > eval line 1 > eval, line 1: WEBGL_debug_renderer_info is deprecated in Firefox and will be removed. Please use RENDERER.
JavaScript warning: https://pagead2.googlesyndication.com/bg/IDpL2rJiZrNY3rYqo4eIGDY6phXtx-GzYRENHMIWWlE.js line 1 > eval line 2525 > eval line 1 > eval line 1 > eval, line 1: WEBGL_debug_renderer_info is deprecated in Firefox and will be removed. Please use RENDERER.
JavaScript warning: https://pagead2.googlesyndication.com/bg/IDpL2rJiZrNY3rYqo4eIGDY6phXtx-GzYRENHMIWWlE.js line 1 > eval line 7795 > eval line 1 > eval line 1 > eval, line 1: WEBGL_debug_renderer_info is deprecated in Firefox and will be removed. Please use RENDERER.
JavaScript error: https://www.plugshare.com/scripts/app-8e17256cbc.js, line 11: TypeError: slots.ldv is undefined
JavaScript warning: https://pagead2.googlesyndication.com/bg/IDpL2rJiZrNY3rYqo4eIGDY6phXtx-GzYRENHMIWWlE.js line 1 > eval line 7088 > eval line 1 > eval line 1 > eval, line 1: WEBGL_debug_renderer_info is deprecated in Firefox and will be removed. Please use RENDERER.
JavaScript warning: https://pagead2.googlesyndication.com/bg/IDpL2rJiZrNY3rYqo4eIGDY6phXtx-GzYRENHMIWWlE.js line 1 > eval line 1480 > eval line 1 > eval line 1 > eval, line 1: WEBGL_debug_renderer_info is deprecated in Firefox and will be removed. Please use RENDERER.
JavaScript warning: https://pagead2.googlesyndication.com/bg/IDpL2rJiZrNY3rYqo4eIGDY6phXtx-GzYRENHMIWWlE.js line 1 > eval line 1656 > eval line 1 > eval line 1 > eval, line 1: WEBGL_debug_renderer_info is deprecated in Firefox and will be removed. Please use RENDERER.
1637141304849	Marionette	WARN	Ignoring event 'DOMContentLoaded' because document has an invalid readyState of 'complete'.
1637141304882	Marionette	WARN	Ignoring event 'DOMContentLoaded' because document has an invalid readyState of 'complete'.
JavaScript warning: https://pagead2.googlesyndication.com/bg/IDpL2rJiZrNY3rYqo4eIGDY6phXtx-GzYRENHMIWWlE.js line 1 > eval line 6221 > eval line 1 > eval line 1 > eval, line 1: WEBGL_debug_renderer_info is deprecated in Firefox and will be removed. Please use RENDERER.
JavaScript warning: https://pagead2.googlesyndication.com/bg/IDpL2rJiZrNY3rYqo4eIGDY6phXtx-GzYRENHMIWWlE.js line 1 > eval line 2581 > eval line 1 > eval line 1 > eval, line 1: WEBGL_debug_renderer_info is deprecated in Firefox and will be removed. Please use RENDERER.
JavaScript warning: https://pagead2.googlesyndication.com/bg/IDpL2rJiZrNY3rYqo4eIGDY6phXtx-GzYRENHMIWWlE.js line 1 > eval line 3006 > eval line 1 > eval line 1 > eval, line 1: WEBGL_debug_renderer_info is deprecated in Firefox and will be removed. Please use RENDERER.
JavaScript error: https://www.plugshare.com/scripts/app-8e17256cbc.js, line 11: TypeError: slots.ldv is undefined
JavaScript warning: https://pagead2.googlesyndication.com/bg/IDpL2rJiZrNY3rYqo4eIGDY6phXtx-GzYRENHMIWWlE.js line 1 > eval line 3262 > eval line 1 > eval line 1 > eval, line 1: WEBGL_debug_renderer_info is deprecated in Firefox and will be removed. Please use RENDERER.
JavaScript warning: https://pagead2.googlesyndication.com/bg/IDpL2rJiZrNY3rYqo4eIGDY6phXtx-GzYRENHMIWWlE.js line 1 > eval line 6164 > eval line 1 > eval line 1 > eval, line 1: WEBGL_debug_renderer_info is deprecated in Firefox and will be removed. Please use RENDERER.
JavaScript warning: https://pagead2.googlesyndication.com/bg/IDpL2rJiZrNY3rYqo4eIGDY6phXtx-GzYRENHMIWWlE.js line 1 > eval line 4385 > eval line 1 > eval line 1 > eval, line 1: WEBGL_debug_renderer_info is deprecated in Firefox and will be removed. Please use RENDERER.
JavaScript warning: https://pagead2.googlesyndication.com/bg/IDpL2rJiZrNY3rYqo4eIGDY6phXtx-GzYRENHMIWWlE.js line 1 > eval line 1196 > eval line 1 > eval line 1 > eval, line 1: WEBGL_debug_renderer_info is deprecated in Firefox and will be removed. Please use RENDERER.
JavaScript warning: https://pagead2.googlesyndication.com/bg/IDpL2rJiZrNY3rYqo4eIGDY6phXtx-GzYRENHMIWWlE.js line 1 > eval line 1535 > eval line 1 > eval line 1 > eval, line 1: WEBGL_debug_renderer_info is deprecated in Firefox and will be removed. Please use RENDERER.
JavaScript warning: https://pagead2.googlesyndication.com/bg/IDpL2rJiZrNY3rYqo4eIGDY6phXtx-GzYRENHMIWWlE.js line 1 > eval line 5438 > eval line 1 > eval line 1 > eval, line 1: WEBGL_debug_renderer_info is deprecated in Firefox and will be removed. Please use RENDERER.
JavaScript warning: https://pagead2.googlesyndication.com/bg/IDpL2rJiZrNY3rYqo4eIGDY6phXtx-GzYRENHMIWWlE.js line 1 > eval line 4206 > eval line 1 > eval line 1 > eval, line 1: WEBGL_debug_renderer_info is deprecated in Firefox and will be removed. Please use RENDERER.
JavaScript warning: https://pagead2.googlesyndication.com/bg/IDpL2rJiZrNY3rYqo4eIGDY6phXtx-GzYRENHMIWWlE.js line 1 > eval line 4680 > eval line 1 > eval line 1 > eval, line 1: WEBGL_debug_renderer_info is deprecated in Firefox and will be removed. Please use RENDERER.
JavaScript warning: https://pagead2.googlesyndication.com/bg/IDpL2rJiZrNY3rYqo4eIGDY6phXtx-GzYRENHMIWWlE.js line 1 > eval line 5721 > eval line 1 > eval line 1 > eval, line 1: WEBGL_debug_renderer_info is deprecated in Firefox and will be removed. Please use RENDERER.
JavaScript warning: https://pagead2.googlesyndication.com/bg/IDpL2rJiZrNY3rYqo4eIGDY6phXtx-GzYRENHMIWWlE.js line 1 > eval line 4143 > eval line 1 > eval line 1 > eval, line 1: WEBGL_debug_renderer_info is deprecated in Firefox and will be removed. Please use RENDERER.
IPDL protocol error: Handler returned error code!

###!!! [Parent][DispatchAsyncMessage] Error: PMessagePort::Msg_PostMessages Processing error: message was deserialized, but the handler returned false (indicating failure)

JavaScript warning: https://pagead2.googlesyndication.com/bg/IDpL2rJiZrNY3rYqo4eIGDY6phXtx-GzYRENHMIWWlE.js line 1 > eval line 3586 > eval line 1 > eval line 1 > eval, line 1: WEBGL_debug_renderer_info is deprecated in Firefox and will be removed. Please use RENDERER.
JavaScript warning: https://pagead2.googlesyndication.com/bg/IDpL2rJiZrNY3rYqo4eIGDY6phXtx-GzYRENHMIWWlE.js line 1 > eval line 7125 > eval line 1 > eval line 1 > eval, line 1: WEBGL_debug_renderer_info is deprecated in Firefox and will be removed. Please use RENDERER.
JavaScript warning: https://pagead2.googlesyndication.com/bg/IDpL2rJiZrNY3rYqo4eIGDY6phXtx-GzYRENHMIWWlE.js line 1 > eval line 943 > eval line 1 > eval line 1 > eval, line 1: WEBGL_debug_renderer_info is deprecated in Firefox and will be removed. Please use RENDERER.
JavaScript warning: https://pagead2.googlesyndication.com/bg/IDpL2rJiZrNY3rYqo4eIGDY6phXtx-GzYRENHMIWWlE.js line 1 > eval line 5972 > eval line 1 > eval line 1 > eval, line 1: WEBGL_debug_renderer_info is deprecated in Firefox and will be removed. Please use RENDERER.
JavaScript warning: https://pagead2.googlesyndication.com/bg/IDpL2rJiZrNY3rYqo4eIGDY6phXtx-GzYRENHMIWWlE.js line 1 > eval line 7185 > eval line 1 > eval line 1 > eval, line 1: WEBGL_debug_renderer_info is deprecated in Firefox and will be removed. Please use RENDERER.
IPDL protocol error: Handler returned error code!

###!!! [Parent][DispatchAsyncMessage] Error: PMessagePort::Msg_PostMessages Processing error: message was deserialized, but the handler returned false (indicating failure)

JavaScript warning: https://pagead2.googlesyndication.com/bg/IDpL2rJiZrNY3rYqo4eIGDY6phXtx-GzYRENHMIWWlE.js line 1 > eval line 6951 > eval line 1 > eval line 1 > eval, line 1: WEBGL_debug_renderer_info is deprecated in Firefox and will be removed. Please use RENDERER.
JavaScript warning: https://pagead2.googlesyndication.com/bg/IDpL2rJiZrNY3rYqo4eIGDY6phXtx-GzYRENHMIWWlE.js line 1 > eval line 3716 > eval line 1 > eval line 1 > eval, line 1: WEBGL_debug_renderer_info is deprecated in Firefox and will be removed. Please use RENDERER.
JavaScript warning: https://pagead2.googlesyndication.com/bg/IDpL2rJiZrNY3rYqo4eIGDY6phXtx-GzYRENHMIWWlE.js line 1 > eval line 7470 > eval line 1 > eval line 1 > eval, line 1: WEBGL_debug_renderer_info is deprecated in Firefox and will be removed. Please use RENDERER.
JavaScript warning: https://pagead2.googlesyndication.com/bg/IDpL2rJiZrNY3rYqo4eIGDY6phXtx-GzYRENHMIWWlE.js line 1 > eval line 1958 > eval line 1 > eval line 1 > eval, line 1: WEBGL_debug_renderer_info is deprecated in Firefox and will be removed. Please use RENDERER.
JavaScript warning: https://pagead2.googlesyndication.com/bg/IDpL2rJiZrNY3rYqo4eIGDY6phXtx-GzYRENHMIWWlE.js line 1 > eval line 2199 > eval line 1 > eval line 1 > eval, line 1: WEBGL_debug_renderer_info is deprecated in Firefox and will be removed. Please use RENDERER.
JavaScript warning: https://pagead2.googlesyndication.com/bg/IDpL2rJiZrNY3rYqo4eIGDY6phXtx-GzYRENHMIWWlE.js line 1 > eval line 5699 > eval line 1 > eval line 1 > eval, line 1: WEBGL_debug_renderer_info is deprecated in Firefox and will be removed. Please use RENDERER.
1637142747213	Marionette	WARN	Ignoring event 'DOMContentLoaded' because document has an invalid readyState of 'complete'.
JavaScript warning: https://pagead2.googlesyndication.com/bg/IDpL2rJiZrNY3rYqo4eIGDY6phXtx-GzYRENHMIWWlE.js line 1 > eval line 5242 > eval line 1 > eval line 1 > eval, line 1: WEBGL_debug_renderer_info is deprecated in Firefox and will be removed. Please use RENDERER.
JavaScript warning: https://pagead2.googlesyndication.com/bg/IDpL2rJiZrNY3rYqo4eIGDY6phXtx-GzYRENHMIWWlE.js line 1 > eval line 2216 > eval line 1 > eval line 1 > eval, line 1: WEBGL_debug_renderer_info is deprecated in Firefox and will be removed. Please use RENDERER.
JavaScript warning: https://pagead2.googlesyndication.com/bg/IDpL2rJiZrNY3rYqo4eIGDY6phXtx-GzYRENHMIWWlE.js line 1 > eval line 1904 > eval line 1 > eval line 1 > eval, line 1: WEBGL_debug_renderer_info is deprecated in Firefox and will be removed. Please use RENDERER.
IPDL protocol error: Handler returned error code!

###!!! [Parent][DispatchAsyncMessage] Error: PMessagePort::Msg_PostMessages Processing error: message was deserialized, but the handler returned false (indicating failure)

JavaScript warning: https://pagead2.googlesyndication.com/bg/IDpL2rJiZrNY3rYqo4eIGDY6phXtx-GzYRENHMIWWlE.js line 1 > eval line 5391 > eval line 1 > eval line 1 > eval, line 1: WEBGL_debug_renderer_info is deprecated in Firefox and will be removed. Please use RENDERER.
IPDL protocol error: Handler returned error code!

###!!! [Parent][DispatchAsyncMessage] Error: PMessagePort::Msg_PostMessages Processing error: message was deserialized, but the handler returned false (indicating failure)

1637143126487	Marionette	WARN	Ignoring event 'DOMContentLoaded' because document has an invalid readyState of 'complete'.
JavaScript warning: https://pagead2.googlesyndication.com/bg/IDpL2rJiZrNY3rYqo4eIGDY6phXtx-GzYRENHMIWWlE.js line 1 > eval line 1668 > eval line 1 > eval line 1 > eval, line 1: WEBGL_debug_renderer_info is deprecated in Firefox and will be removed. Please use RENDERER.
IPDL protocol error: Handler returned error code!

###!!! [Parent][DispatchAsyncMessage] Error: PMessagePort::Msg_PostMessages Processing error: message was deserialized, but the handler returned false (indicating failure)

JavaScript warning: https://pagead2.googlesyndication.com/bg/IDpL2rJiZrNY3rYqo4eIGDY6phXtx-GzYRENHMIWWlE.js line 1 > eval line 7358 > eval line 1 > eval line 1 > eval, line 1: WEBGL_debug_renderer_info is deprecated in Firefox and will be removed. Please use RENDERER.
IPDL protocol error: Handler returned error code!

###!!! [Parent][DispatchAsyncMessage] Error: PMessagePort::Msg_PostMessages Processing error: message was deserialized, but the handler returned false (indicating failure)

JavaScript warning: https://pagead2.googlesyndication.com/bg/IDpL2rJiZrNY3rYqo4eIGDY6phXtx-GzYRENHMIWWlE.js line 1 > eval line 3275 > eval line 1 > eval line 1 > eval, line 1: WEBGL_debug_renderer_info is deprecated in Firefox and will be removed. Please use RENDERER.
IPDL protocol error: Handler returned error code!

###!!! [Parent][DispatchAsyncMessage] Error: PMessagePort::Msg_PostMessages Processing error: message was deserialized, but the handler returned false (indicating failure)

1637143682258	Marionette	WARN	Ignoring event 'DOMContentLoaded' because document has an invalid readyState of 'complete'.
JavaScript warning: https://pagead2.googlesyndication.com/bg/IDpL2rJiZrNY3rYqo4eIGDY6phXtx-GzYRENHMIWWlE.js line 1 > eval line 2153 > eval line 1 > eval line 1 > eval, line 1: WEBGL_debug_renderer_info is deprecated in Firefox and will be removed. Please use RENDERER.
JavaScript warning: https://pagead2.googlesyndication.com/bg/IDpL2rJiZrNY3rYqo4eIGDY6phXtx-GzYRENHMIWWlE.js line 1 > eval line 6560 > eval line 1 > eval line 1 > eval, line 1: WEBGL_debug_renderer_info is deprecated in Firefox and will be removed. Please use RENDERER.
JavaScript warning: https://pagead2.googlesyndication.com/bg/IDpL2rJiZrNY3rYqo4eIGDY6phXtx-GzYRENHMIWWlE.js line 1 > eval line 5130 > eval line 1 > eval line 1 > eval, line 1: WEBGL_debug_renderer_info is deprecated in Firefox and will be removed. Please use RENDERER.
JavaScript warning: https://pagead2.googlesyndication.com/bg/IDpL2rJiZrNY3rYqo4eIGDY6phXtx-GzYRENHMIWWlE.js line 1 > eval line 2299 > eval line 1 > eval line 1 > eval, line 1: WEBGL_debug_renderer_info is deprecated in Firefox and will be removed. Please use RENDERER.
JavaScript warning: https://pagead2.googlesyndication.com/bg/IDpL2rJiZrNY3rYqo4eIGDY6phXtx-GzYRENHMIWWlE.js line 1 > eval line 2204 > eval line 1 > eval line 1 > eval, line 1: WEBGL_debug_renderer_info is deprecated in Firefox and will be removed. Please use RENDERER.
JavaScript warning: https://pagead2.googlesyndication.com/bg/IDpL2rJiZrNY3rYqo4eIGDY6phXtx-GzYRENHMIWWlE.js line 1 > eval line 5229 > eval line 1 > eval line 1 > eval, line 1: WEBGL_debug_renderer_info is deprecated in Firefox and will be removed. Please use RENDERER.
IPDL protocol error: Handler returned error code!

###!!! [Parent][DispatchAsyncMessage] Error: PMessagePort::Msg_PostMessages Processing error: message was deserialized, but the handler returned false (indicating failure)

JavaScript warning: https://pagead2.googlesyndication.com/bg/IDpL2rJiZrNY3rYqo4eIGDY6phXtx-GzYRENHMIWWlE.js line 1 > eval line 6935 > eval line 1 > eval line 1 > eval, line 1: WEBGL_debug_renderer_info is deprecated in Firefox and will be removed. Please use RENDERER.
JavaScript warning: https://pagead2.googlesyndication.com/bg/IDpL2rJiZrNY3rYqo4eIGDY6phXtx-GzYRENHMIWWlE.js line 1 > eval line 7426 > eval line 1 > eval line 1 > eval, line 1: WEBGL_debug_renderer_info is deprecated in Firefox and will be removed. Please use RENDERER.
JavaScript warning: https://pagead2.googlesyndication.com/bg/IDpL2rJiZrNY3rYqo4eIGDY6phXtx-GzYRENHMIWWlE.js line 1 > eval line 5707 > eval line 1 > eval line 1 > eval, line 1: WEBGL_debug_renderer_info is deprecated in Firefox and will be removed. Please use RENDERER.
1637145693737	Marionette	WARN	Ignoring event 'DOMContentLoaded' because document has an invalid readyState of 'complete'.
JavaScript warning: https://pagead2.googlesyndication.com/bg/IDpL2rJiZrNY3rYqo4eIGDY6phXtx-GzYRENHMIWWlE.js line 1 > eval line 885 > eval line 1 > eval line 1 > eval, line 1: WEBGL_debug_renderer_info is deprecated in Firefox and will be removed. Please use RENDERER.
JavaScript warning: https://pagead2.googlesyndication.com/bg/IDpL2rJiZrNY3rYqo4eIGDY6phXtx-GzYRENHMIWWlE.js line 1 > eval line 2662 > eval line 1 > eval line 1 > eval, line 1: WEBGL_debug_renderer_info is deprecated in Firefox and will be removed. Please use RENDERER.
JavaScript warning: https://pagead2.googlesyndication.com/bg/IDpL2rJiZrNY3rYqo4eIGDY6phXtx-GzYRENHMIWWlE.js line 1 > eval line 6589 > eval line 1 > eval line 1 > eval, line 1: WEBGL_debug_renderer_info is deprecated in Firefox and will be removed. Please use RENDERER.
JavaScript warning: https://pagead2.googlesyndication.com/bg/IDpL2rJiZrNY3rYqo4eIGDY6phXtx-GzYRENHMIWWlE.js line 1 > eval line 4505 > eval line 1 > eval line 1 > eval, line 1: WEBGL_debug_renderer_info is deprecated in Firefox and will be removed. Please use RENDERER.
JavaScript warning: https://pagead2.googlesyndication.com/bg/IDpL2rJiZrNY3rYqo4eIGDY6phXtx-GzYRENHMIWWlE.js line 1 > eval line 7653 > eval line 1 > eval line 1 > eval, line 1: WEBGL_debug_renderer_info is deprecated in Firefox and will be removed. Please use RENDERER.
JavaScript warning: https://pagead2.googlesyndication.com/bg/IDpL2rJiZrNY3rYqo4eIGDY6phXtx-GzYRENHMIWWlE.js line 1 > eval line 6287 > eval line 1 > eval line 1 > eval, line 1: WEBGL_debug_renderer_info is deprecated in Firefox and will be removed. Please use RENDERER.
JavaScript warning: https://pagead2.googlesyndication.com/bg/IDpL2rJiZrNY3rYqo4eIGDY6phXtx-GzYRENHMIWWlE.js line 1 > eval line 2869 > eval line 1 > eval line 1 > eval, line 1: WEBGL_debug_renderer_info is deprecated in Firefox and will be removed. Please use RENDERER.
JavaScript warning: https://pagead2.googlesyndication.com/bg/IDpL2rJiZrNY3rYqo4eIGDY6phXtx-GzYRENHMIWWlE.js line 1 > eval line 5299 > eval line 1 > eval line 1 > eval, line 1: WEBGL_debug_renderer_info is deprecated in Firefox and will be removed. Please use RENDERER.
JavaScript warning: https://pagead2.googlesyndication.com/bg/IDpL2rJiZrNY3rYqo4eIGDY6phXtx-GzYRENHMIWWlE.js line 1 > eval line 4288 > eval line 1 > eval line 1 > eval, line 1: WEBGL_debug_renderer_info is deprecated in Firefox and will be removed. Please use RENDERER.
JavaScript warning: https://pagead2.googlesyndication.com/bg/IDpL2rJiZrNY3rYqo4eIGDY6phXtx-GzYRENHMIWWlE.js line 1 > eval line 2857 > eval line 1 > eval line 1 > eval, line 1: WEBGL_debug_renderer_info is deprecated in Firefox and will be removed. Please use RENDERER.
JavaScript warning: https://pagead2.googlesyndication.com/bg/IDpL2rJiZrNY3rYqo4eIGDY6phXtx-GzYRENHMIWWlE.js line 1 > eval line 5038 > eval line 1 > eval line 1 > eval, line 1: WEBGL_debug_renderer_info is deprecated in Firefox and will be removed. Please use RENDERER.
JavaScript warning: https://pagead2.googlesyndication.com/bg/IDpL2rJiZrNY3rYqo4eIGDY6phXtx-GzYRENHMIWWlE.js line 1 > eval line 6908 > eval line 1 > eval line 1 > eval, line 1: WEBGL_debug_renderer_info is deprecated in Firefox and will be removed. Please use RENDERER.
JavaScript warning: https://pagead2.googlesyndication.com/bg/IDpL2rJiZrNY3rYqo4eIGDY6phXtx-GzYRENHMIWWlE.js line 1 > eval line 1518 > eval line 1 > eval line 1 > eval, line 1: WEBGL_debug_renderer_info is deprecated in Firefox and will be removed. Please use RENDERER.
JavaScript warning: https://pagead2.googlesyndication.com/bg/IDpL2rJiZrNY3rYqo4eIGDY6phXtx-GzYRENHMIWWlE.js line 1 > eval line 237 > eval line 1 > eval line 1 > eval, line 1: WEBGL_debug_renderer_info is deprecated in Firefox and will be removed. Please use RENDERER.
